GraphCL
bace 0 0.7866458007303078
bace 1 0.788036863154234
bace 2 0.7939488784559208
bace 3 0.7894279255781603
bace 4 0.7682142236132846
bace 5 0.7706485828551557
bace 6 0.7666492783863676
bace 7 0.8021213701964874
bace 8 0.7965571205007824
bace 9 0.8045557294383586
bbbp 0 0.7127700617283951
bbbp 1 0.7095871913580246
bbbp 2 0.7182677469135801
bbbp 3 0.7265625
bbbp 4 0.701099537037037
bbbp 5 0.7095871913580247
bbbp 6 0.7151813271604939
bbbp 7 0.7116126543209875
bbbp 8 0.7205825617283951
bbbp 9 0.7225115740740741
clintox 0 0.7678835192715393
clintox 1 0.8123692350467453
clintox 2 0.8051467521634867
clintox 3 0.8237879261807945
clintox 4 0.769282400166823
clintox 5 0.809534111840962
clintox 6 0.8018563410141453
clintox 7 0.7908051819414035
clintox 8 0.7810525492649358
clintox 9 0.8319587808014458
hiv 0 0.8034666563664807
hiv 1 0.8084783406400279
hiv 2 0.7927306436972518
hiv 3 0.8034280306688041
hiv 4 0.8050870043840166
hiv 5 0.7989783502964523
hiv 6 0.7997991463720814
hiv 7 0.7977809536684757
hiv 8 0.8070685026748295
hiv 9 0.790735626412252
muv 0 0.7785579751239396
muv 1 0.7733156258474116
muv 2 0.7857682336689465
muv 3 0.7295737310319333
muv 4 0.7713089997945775
muv 5 0.7889161997096256
muv 6 0.7622582337202791
muv 7 0.744451242635899
muv 8 0.7788846613588708
muv 9 0.7568493290455296
sider 0 0.613052035591168
sider 1 0.6097395164409671
sider 2 0.5970210684452874
sider 3 0.609165734001231
sider 4 0.6113349136623643
sider 5 0.5983193517808334
sider 6 0.6001359195269221
sider 7 0.6091543343078243
sider 8 0.6162771915734667
sider 9 0.6171396469378421
tox21 0 0.753138297518754
tox21 1 0.7594387525644644
tox21 2 0.7537224588795436
tox21 3 0.7513796189085099
tox21 4 0.754976433533166
tox21 5 0.7609080050877693
tox21 6 0.751812873691511
tox21 7 0.7509726326744439
tox21 8 0.7589427933613749
tox21 9 0.7544610164478995
toxcast 0 0.6384639947932589
toxcast 1 0.6324492349238742
toxcast 2 0.6316760190317462
toxcast 3 0.6344074064069051
toxcast 4 0.6338960977882203
toxcast 5 0.6283406994112716
toxcast 6 0.6389669760609992
toxcast 7 0.6373286123547401
toxcast 8 0.6356470053444954
toxcast 9 0.6273952669768331
L0.0001
bace 0 0.8092505651191098
bace 1 0.8092505651191098
bace 2 0.7868196835332985
bace 3 0.7847330898974091
bace 4 0.7951660580768561
bace 5 0.796904886106764
bace 6 0.792905581637976
bace 7 0.7906451051990958
bace 8 0.7835159102764736
bace 9 0.7927316988349852
bbbp 0 0.7333140432098766
bbbp 1 0.7316743827160493
bbbp 2 0.7100694444444444
bbbp 3 0.7348572530864197
bbbp 4 0.7261766975308641
bbbp 5 0.734664351851852
bbbp 6 0.7337962962962964
bbbp 7 0.7134452160493826
bbbp 8 0.7296489197530864
bbbp 9 0.7183641975308642
clintox 0 0.8053244361032913
clintox 1 0.8302948945191673
clintox 2 0.8314435408195183
clintox 3 0.810531574740208
clintox 4 0.719315851666493
clintox 5 0.8171671358565322
clintox 6 0.8242458207347165
clintox 7 0.8003266951656066
clintox 8 0.7476514440621416
clintox 9 0.7744560873040698
hiv 0 0.7781185422661697
hiv 1 0.791824871086734
hiv 2 0.785839819231735
hiv 3 0.784008961161861
hiv 4 0.7898221286621989
hiv 5 0.7908727476390043
hiv 6 0.7860059097317446
hiv 7 0.7894242839761293
hiv 8 0.7888313795167925
hiv 9 0.7876726085864926
muv 0 0.7572061241173905
muv 1 0.7735796438982923
muv 2 0.7636117049770976
muv 3 0.7930937804494184
muv 4 0.7760396479247528
muv 5 0.7717534125745534
muv 6 0.7784357771104613
muv 7 0.8012621463242827
muv 8 0.7863417576933637
muv 9 0.789183879218498
sider 0 0.628187071866178
sider 1 0.6255097095313908
sider 2 0.6285251171345558
sider 3 0.624911884641384
sider 4 0.619327831330581
sider 5 0.6227289563861741
sider 6 0.6201256362697907
sider 7 0.6306817468260131
sider 8 0.6192999838696784
sider 9 0.61880484267599
tox21 0 0.7632927347675923
tox21 1 0.7715086475777433
tox21 2 0.7727504612524027
tox21 3 0.7656222323867946
tox21 4 0.7743673866049953
tox21 5 0.7698197194181816
tox21 6 0.7702149554254568
tox21 7 0.7655826616764932
tox21 8 0.7630877333316631
tox21 9 0.7678650346206343
toxcast 0 0.6475609507513923
toxcast 1 0.6472467426024265
toxcast 2 0.6531161611963084
toxcast 3 0.6486244422544569
toxcast 4 0.648447973908427
toxcast 5 0.651424098242682
toxcast 6 0.6405972413139585
toxcast 7 0.6541338282007513
toxcast 8 0.6460857784570178
toxcast 9 0.646970074505535
L0.001
bace 0 0.7701269344461832
bace 1 0.7661276299773953
bace 2 0.7822987306555381
bace 3 0.7770822465658147
bace 4 0.8000347765605982
bace 5 0.7779516605807686
bace 6 0.7842114414884368
bace 7 0.771170231264128
bace 8 0.775169535732916
bace 9 0.7802121370196486
bbbp 0 0.7328317901234567
bbbp 1 0.726273148148148
bbbp 2 0.7239583333333334
bbbp 3 0.7216435185185186
bbbp 4 0.7333140432098765
bbbp 5 0.736207561728395
bbbp 6 0.736207561728395
bbbp 7 0.7251157407407408
bbbp 8 0.7338927469135803
bbbp 9 0.7313850308641975
clintox 0 0.7465145275084281
clintox 1 0.7947537622076253
clintox 2 0.7747775692489487
clintox 3 0.7713616063670803
clintox 4 0.7354038508323775
clintox 5 0.7373648906961388
clintox 6 0.7949575122510688
clintox 7 0.7298569839780349
clintox 8 0.8009731345358495
clintox 9 0.8378366871720015
hiv 0 0.786475211958516
hiv 1 0.7957897989532436
hiv 2 0.7847679561212074
hiv 3 0.7888313795167925
hiv 4 0.783568628208347
hiv 5 0.7814364896965951
hiv 6 0.8014561888024103
hiv 7 0.7828270148129549
hiv 8 0.7912783174646093
hiv 9 0.7953977481218254
muv 0 0.772631971860193
muv 1 0.7956998498023876
muv 2 0.7749809132359557
muv 3 0.7957824015242915
muv 4 0.7794785730242105
muv 5 0.7910599702755549
muv 6 0.7871313583226557
muv 7 0.7727669135979476
muv 8 0.7821606222555363
muv 9 0.7785442592327407
sider 0 0.6259926867953646
sider 1 0.6130921781691926
sider 2 0.6142355830176909
sider 3 0.6213627023450435
sider 4 0.6204077681724229
sider 5 0.6163503877945692
sider 6 0.6241689038131965
sider 7 0.626772159825972
sider 8 0.6125946803043055
sider 9 0.6210293183959054
tox21 0 0.7735463391173734
tox21 1 0.7743399002008844
tox21 2 0.7653766505648777
tox21 3 0.7681770499401531
tox21 4 0.7594168075990985
tox21 5 0.7642379690484967
tox21 6 0.7660757875165105
tox21 7 0.7650383568674414
tox21 8 0.7657341014297163
tox21 9 0.7678677638895159
toxcast 0 0.6442062613051546
toxcast 1 0.643366409959103
toxcast 2 0.6494338810673179
toxcast 3 0.6439832701649616
toxcast 4 0.6483110823486332
toxcast 5 0.6416757833720147
toxcast 6 0.6445059613223881
toxcast 7 0.6450764938147732
toxcast 8 0.6438592596190542
toxcast 9 0.6452218580869542
L0.005
bace 0 0.7716918796731003
bace 1 0.7616066770996348
bace 2 0.8068162058772388
bace 3 0.7835159102764736
bace 4 0.7626499739175795
bace 5 0.7633455051295427
bace 6 0.7805599026256302
bace 7 0.7633455051295427
bace 8 0.777603894974787
bace 9 0.7793427230046949
bbbp 0 0.7211612654320988
bbbp 1 0.716820987654321
bbbp 2 0.7211612654320988
bbbp 3 0.7230902777777777
bbbp 4 0.7209683641975309
bbbp 5 0.7152777777777778
bbbp 6 0.703125
bbbp 7 0.7301311728395061
bbbp 8 0.7162422839506173
bbbp 9 0.7217399691358024
clintox 0 0.8306554756195044
clintox 1 0.8162018211517741
clintox 2 0.8104568519097766
clintox 3 0.7740303409446356
clintox 4 0.794652973273555
clintox 5 0.7560038925381434
clintox 6 0.7745681715497168
clintox 7 0.7989690856010843
clintox 8 0.8112675077329441
clintox 9 0.8303044520905015
hiv 0 0.7937851252438247
hiv 1 0.7921454643774503
hiv 2 0.7789142316383089
hiv 3 0.7820255315861643
hiv 4 0.7843276231676934
hiv 5 0.7820467757198866
hiv 6 0.7754050870043839
hiv 7 0.7943471291450201
hiv 8 0.7913748817088009
hiv 9 0.7930898626856447
muv 0 0.7828544670145252
muv 1 0.800411841065611
muv 2 0.7714151557157672
muv 3 0.7675944399694915
muv 4 0.7838333666693509
muv 5 0.7757471235164601
muv 6 0.7756143292894869
muv 7 0.8055186706696734
muv 8 0.7894235096800005
muv 9 0.7882260313845358
sider 0 0.6222906709802811
sider 1 0.6298827028004729
sider 2 0.6171582178461457
sider 3 0.6219786228479258
sider 4 0.6193767090403184
sider 5 0.6215397159090763
sider 6 0.6192442142477524
sider 7 0.620774380695667
sider 8 0.6248412839649626
sider 9 0.6148425626539911
tox21 0 0.7576231641488099
tox21 1 0.7620851062827146
tox21 2 0.7581629812535322
tox21 3 0.7618414826019287
tox21 4 0.760931907360694
tox21 5 0.763459935291018
tox21 6 0.7642489348544529
tox21 7 0.7543663337897418
tox21 8 0.7623319519543729
tox21 9 0.7588906583918154
toxcast 0 0.6425623801321265
toxcast 1 0.6428502201010824
toxcast 2 0.6471199450324926
toxcast 3 0.6416550621231752
toxcast 4 0.6444335273211587
toxcast 5 0.6435979712710388
toxcast 6 0.6421381496887798
toxcast 7 0.6507586726237292
toxcast 8 0.6441887273588249
toxcast 9 0.6497367128251471
L0.05
bace 0 0.7730829420970267
bace 1 0.7704747000521648
bace 2 0.7789949573987133
bace 3 0.7737784733089897
bace 4 0.7890801599721787
bace 5 0.777603894974787
bace 6 0.7762128325508607
bace 7 0.7873413319422709
bace 8 0.7862980351243262
bace 9 0.7715179968701096
bbbp 0 0.7309027777777778
bbbp 1 0.7258873456790123
bbbp 2 0.7201003086419754
bbbp 3 0.7289737654320988
bbbp 4 0.7282021604938271
bbbp 5 0.7250192901234567
bbbp 6 0.722800925925926
bbbp 7 0.7238618827160495
bbbp 8 0.7361111111111112
bbbp 9 0.7294560185185185
clintox 0 0.7564670003127932
clintox 1 0.8226861988669933
clintox 2 0.830429569387968
clintox 3 0.7429695374135474
clintox 4 0.8196755638967086
clintox 5 0.836209727869878
clintox 6 0.7895222952073124
clintox 7 0.8434843429604143
clintox 8 0.8137085983387203
clintox 9 0.8529793556459181
hiv 0 0.7856563471677707
hiv 1 0.7920373124239558
hiv 2 0.7843778365746732
hiv 3 0.7981112033836112
hiv 4 0.7841402885339617
hiv 5 0.7817667394117307
hiv 6 0.7814770466791556
hiv 7 0.7875876320516039
hiv 8 0.7912377604820487
hiv 9 0.7892813688947257
muv 0 0.7773674619104712
muv 1 0.7915763145503436
muv 2 0.7743614242546362
muv 3 0.7723670852162763
muv 4 0.79047191080211
muv 5 0.7918347059103499
muv 6 0.7773123452409406
muv 7 0.79474667705662
muv 8 0.8030193592045902
muv 9 0.7952414666589572
sider 0 0.6211887404623803
sider 1 0.6175898935889603
sider 2 0.6183134909652707
sider 3 0.6216995637281006
sider 4 0.6224088227639017
sider 5 0.6184607165040386
sider 6 0.607037003245016
sider 7 0.6312106029718935
sider 8 0.6219022648129474
sider 9 0.6228220005963053
tox21 0 0.7629750070059967
tox21 1 0.7644657517971889
tox21 2 0.7696580236212868
tox21 3 0.7628283909627354
tox21 4 0.7659400336613295
tox21 5 0.7631342389376955
tox21 6 0.7656235884652566
tox21 7 0.7683533437047845
tox21 8 0.7670064700611673
tox21 9 0.7636682853784545
toxcast 0 0.6467756514441343
toxcast 1 0.6460495366372889
toxcast 2 0.6416292331188078
toxcast 3 0.6483632369229322
toxcast 4 0.6452393862011746
toxcast 5 0.6500943365636499
toxcast 6 0.6455379719184235
toxcast 7 0.6488812746457178
toxcast 8 0.6443755514487463
toxcast 9 0.6410771860478807
L0.1
bace 0 0.7918622848200314
bace 1 0.7822987306555381
bace 2 0.7869935663362893
bace 3 0.7824726134585289
bace 4 0.7795166058076856
bace 5 0.796904886106764
bace 6 0.7998608937576074
bace 7 0.7824726134585289
bace 8 0.7746478873239436
bace 9 0.7802121370196488
bbbp 0 0.7280092592592593
bbbp 1 0.7197145061728396
bbbp 2 0.7191358024691358
bbbp 3 0.7351466049382716
bbbp 4 0.7257908950617283
bbbp 5 0.7119984567901235
bbbp 6 0.7323495370370371
bbbp 7 0.7214506172839507
bbbp 8 0.7309992283950617
bbbp 9 0.71460262345679
clintox 0 0.7933157821568833
clintox 1 0.7865959406387933
clintox 2 0.8113161644597366
clintox 3 0.7677701317207104
clintox 4 0.752193897056268
clintox 5 0.837788030445209
clintox 6 0.7645483613109513
clintox 7 0.7887924443054253
clintox 8 0.8174495186459529
clintox 9 0.8198363048691482
hiv 0 0.7804244964174666
hiv 1 0.7759999227486046
hiv 2 0.7905386353541012
hiv 3 0.7822920489001333
hiv 4 0.7927267811274842
hiv 5 0.782284323760598
hiv 6 0.7712161300913498
hiv 7 0.7811564533884394
hiv 8 0.7932868537437958
hiv 9 0.7836053226211398
muv 0 0.7632290461730109
muv 1 0.7636773929400812
muv 2 0.7709287808291619
muv 3 0.7940429583792971
muv 4 0.7905373579110134
muv 5 0.7807759828823577
muv 6 0.7748430676842174
muv 7 0.7811123085601044
muv 8 0.7846571826510224
muv 9 0.7572221361210717
sider 0 0.6206486611111778
sider 1 0.6211359570574994
sider 2 0.6340625769502256
sider 3 0.6314051611834031
sider 4 0.6336962970525833
sider 5 0.6337272522192422
sider 6 0.6231867068112733
sider 7 0.6342207064024797
sider 8 0.6249825887059621
sider 9 0.6285023184063561
tox21 0 0.7628025820818541
tox21 1 0.7615772536695641
tox21 2 0.768373654617896
tox21 3 0.7688970364032288
tox21 4 0.7720214581270822
tox21 5 0.7612958211194555
tox21 6 0.769604040976645
tox21 7 0.7642569010224913
tox21 8 0.7655940705060503
tox21 9 0.7601062411534133
toxcast 0 0.6452716732218324
toxcast 1 0.6425442141004909
toxcast 2 0.6482703502782428
toxcast 3 0.6433513288125254
toxcast 4 0.6511619965567625
toxcast 5 0.6452422628777679
toxcast 6 0.6455520475573726
toxcast 7 0.6432637812194972
toxcast 8 0.6435677668590694
toxcast 9 0.644899540552473
ratio0.4
bace 0 0.7828203790645105
bace 1 0.7982959485306903
bace 2 0.8170752912536949
bace 3 0.7843853242914275
bace 4 0.7850808555033907
bace 5 0.8076856198921927
bace 6 0.7722135280820728
bace 7 0.7946444096678839
bace 8 0.7781255433837593
bace 9 0.8169014084507042
bbbp 0 0.7455632716049382
bbbp 1 0.7361111111111112
bbbp 2 0.7401620370370371
bbbp 3 0.7473958333333333
bbbp 4 0.7543402777777778
bbbp 5 0.7277199074074073
bbbp 6 0.7470100308641975
bbbp 7 0.7339891975308641
bbbp 8 0.7458526234567902
bbbp 9 0.7436342592592593
clintox 0 0.7973516838702951
clintox 1 0.809956382719911
clintox 2 0.7851484030167171
clintox 3 0.7952842074166753
clintox 4 0.8233474090292983
clintox 5 0.7906448754040245
clintox 6 0.8096948528134015
clintox 7 0.8161158030097662
clintox 8 0.8236723664546624
clintox 9 0.8240981128140965
hiv 0 0.7878618745051083
hiv 1 0.7933274107263563
hiv 2 0.7931275227408795
hiv 3 0.7859692153189517
hiv 4 0.7910349755692462
hiv 5 0.7830433187199444
hiv 6 0.7851310376793681
hiv 7 0.7830896695571565
hiv 8 0.7782730450568763
hiv 9 0.7847022924351571
muv 0 0.778568983701596
muv 1 0.8065914271708244
muv 2 0.7842481549251662
muv 3 0.78439683258294
muv 4 0.7831627355612104
muv 5 0.7993402396476217
muv 6 0.7800568269648898
muv 7 0.7668607807446011
muv 8 0.7844767546471033
muv 9 0.7853271655200622
sider 0 0.6175998398815152
sider 1 0.6224824390247156
sider 2 0.6194585530214897
sider 3 0.6216226350702365
sider 4 0.618647490317958
sider 5 0.6273392830696343
sider 6 0.619333894794807
sider 7 0.6155891722342588
sider 8 0.6141957559779176
sider 9 0.6158374486627683
tox21 0 0.7597566964699888
tox21 1 0.752393156661797
tox21 2 0.7593204674041254
tox21 3 0.7617307874954461
tox21 4 0.7584947929579573
tox21 5 0.7613631819132397
tox21 6 0.7594879224478818
tox21 7 0.7606971783446528
tox21 8 0.7572810852464545
tox21 9 0.7571684014651071
toxcast 0 0.6388655210685289
toxcast 1 0.6412428793987771
toxcast 2 0.6365400769580494
toxcast 3 0.6363310461444326
toxcast 4 0.6405527927171967
toxcast 5 0.640197687650634
toxcast 6 0.63751734099333
toxcast 7 0.6382791433187643
toxcast 8 0.6355060905089162
toxcast 9 0.6388805974446202
temp0.3
bace 0 0.7668231611893583
bace 1 0.7772561293688054
bace 2 0.7675186924013215
bace 3 0.7770822465658147
bace 4 0.7565640758129021
bace 5 0.7511737089201879
bace 6 0.7468266388454181
bace 7 0.747000521648409
bace 8 0.7687358720222569
bace 9 0.7758650669448791
bbbp 0 0.7202932098765433
bbbp 1 0.7197145061728394
bbbp 2 0.7264660493827161
bbbp 3 0.7065972222222222
bbbp 4 0.7275270061728395
bbbp 5 0.7057291666666666
bbbp 6 0.7269483024691358
bbbp 7 0.7249228395061728
bbbp 8 0.7164351851851851
bbbp 9 0.7282021604938272
clintox 0 0.7267863969693811
clintox 1 0.6996046640948111
clintox 2 0.7512372710527231
clintox 3 0.7311585514197338
clintox 4 0.714807284607097
clintox 5 0.7469268063809822
clintox 6 0.7661657630417404
clintox 7 0.7401921940708303
clintox 8 0.7199171097904286
clintox 9 0.7741684912939214
hiv 0 0.8050676915351783
hiv 1 0.7984086212557215
hiv 2 0.7985959558894533
hiv 3 0.7903300565866471
hiv 4 0.7985003572877035
hiv 5 0.8041174993723323
hiv 6 0.7854033488479886
hiv 7 0.800079182680237
hiv 8 0.7933235481565886
hiv 9 0.7870700477027368
muv 0 0.7868734984346692
muv 1 0.7742312907863235
muv 2 0.7645980373899014
muv 3 0.7639852788751893
muv 4 0.7825637834644283
muv 5 0.7864652638683892
muv 6 0.774616570462313
muv 7 0.7939283182452943
muv 8 0.7714524265973388
muv 9 0.7953143513020624
sider 0 0.6113479573540781
sider 1 0.6126926172851412
sider 2 0.605015723813477
sider 3 0.6199595858060344
sider 4 0.6085352651633811
sider 5 0.6175219137730873
sider 6 0.6055700401855688
sider 7 0.6098078475338484
sider 8 0.6241221044525395
sider 9 0.6126870608209024
tox21 0 0.7456198563043263
tox21 1 0.7451363473072611
tox21 2 0.7419158049755658
tox21 3 0.7383384927618245
tox21 4 0.7475019206503316
tox21 5 0.7418717433337211
tox21 6 0.7457188113142884
tox21 7 0.7442462929804452
tox21 8 0.7430914619245743
tox21 9 0.7470635857376945
toxcast 0 0.6348012334597356
toxcast 1 0.6400156430094042
toxcast 2 0.6403517667386527
toxcast 3 0.6451310322659086
toxcast 4 0.6288166695518544
toxcast 5 0.6272039738186967
toxcast 6 0.6435907158918254
toxcast 7 0.6427428286769307
toxcast 8 0.633318733324529
toxcast 9 0.6424435675100858
temp0.4
bace 0 0.7506520605112155
bace 1 0.7370892018779343
bace 2 0.7708224656581464
bace 3 0.7701269344461834
bace 4 0.7694314032342201
bace 5 0.7395235611198051
bace 6 0.7852547383063815
bace 7 0.7530864197530864
bace 8 0.7503042949052339
bace 9 0.7572596070248652
bbbp 0 0.7213541666666666
bbbp 1 0.7157600308641976
bbbp 2 0.7181712962962963
bbbp 3 0.7082368827160495
bbbp 4 0.701195987654321
bbbp 5 0.7157600308641975
bbbp 6 0.7156635802469137
bbbp 7 0.7202932098765432
bbbp 8 0.7219328703703702
bbbp 9 0.7247299382716048
clintox 0 0.7189387620338512
clintox 1 0.714004448615021
clintox 2 0.6994778090571021
clintox 3 0.677867271400271
clintox 4 0.7234303861258818
clintox 5 0.7586317902199979
clintox 6 0.7354898689743856
clintox 7 0.6756690299933966
clintox 8 0.7312350119904076
clintox 9 0.718133753866472
hiv 0 0.7939937040112787
hiv 1 0.7985438111975898
hiv 2 0.796376909557929
hiv 3 0.7939183839008092
hiv 4 0.7891983236447209
hiv 5 0.7952876648834469
hiv 6 0.7829988991676162
hiv 7 0.7886208694644546
hiv 8 0.7823519187315322
hiv 9 0.7866335773189905
muv 0 0.7890223578822512
muv 1 0.7831768192966261
muv 2 0.7639831131969946
muv 3 0.7685043119261294
muv 4 0.7978569445287242
muv 5 0.7899098439502202
muv 6 0.7823431356192053
muv 7 0.7777672216752068
muv 8 0.7745209742330679
muv 9 0.7868092964847779
sider 0 0.6180188708804312
sider 1 0.6256852814503743
sider 2 0.6218204134651399
sider 3 0.6179641533540847
sider 4 0.6230599953017899
sider 5 0.6256135208803478
sider 6 0.6294479844541591
sider 7 0.6305733999090504
sider 8 0.6201097164266476
sider 9 0.6200184546644805
tox21 0 0.7300565509672956
tox21 1 0.7296714593649655
tox21 2 0.7379404053640939
tox21 3 0.7357334869266188
tox21 4 0.7322952031164145
tox21 5 0.7314942579996525
tox21 6 0.7357247785765816
tox21 7 0.7306956038779843
tox21 8 0.7375268380990337
tox21 9 0.734505545335137
toxcast 0 0.632083029611524
toxcast 1 0.6310228692055002
toxcast 2 0.6312903328052695
toxcast 3 0.62373729681071
toxcast 4 0.6321367499034294
toxcast 5 0.6293177413201566
toxcast 6 0.627573039088233
toxcast 7 0.6280075222377512
toxcast 8 0.625514483946178
toxcast 9 0.6306654172486859
